2017-07-09T19:33:04-04:00 | RedditAPIController.scan_new completed
rake aborted!
HTTP::TimeoutError: Read timed out after 5 seconds
/Users/dtomczyk/.rvm/gems/ruby-2.3.1/gems/http-2.2.2/lib/http/timeout/per_operation.rb:69:in `block in readpartial'
/Users/dtomczyk/.rvm/gems/ruby-2.3.1/gems/http-2.2.2/lib/http/timeout/per_operation.rb:62:in `loop'
/Users/dtomczyk/.rvm/gems/ruby-2.3.1/gems/http-2.2.2/lib/http/timeout/per_operation.rb:62:in `readpartial'
/Users/dtomczyk/.rvm/gems/ruby-2.3.1/gems/http-2.2.2/lib/http/connection.rb:212:in `read_more'
/Users/dtomczyk/.rvm/gems/ruby-2.3.1/gems/http-2.2.2/lib/http/connection.rb:99:in `block in read_headers!'
/Users/dtomczyk/.rvm/gems/ruby-2.3.1/gems/http-2.2.2/lib/http/connection.rb:98:in `loop'
/Users/dtomczyk/.rvm/gems/ruby-2.3.1/gems/http-2.2.2/lib/http/connection.rb:98:in `read_headers!'
/Users/dtomczyk/.rvm/gems/ruby-2.3.1/gems/http-2.2.2/lib/http/client.rb:64:in `perform'
/Users/dtomczyk/.rvm/gems/ruby-2.3.1/gems/http-2.2.2/lib/http/client.rb:41:in `request'
/Users/dtomczyk/.rvm/gems/ruby-2.3.1/gems/redd-0.8.8/lib/redd/client.rb:39:in `request'
/Users/dtomczyk/.rvm/gems/ruby-2.3.1/gems/redd-0.8.8/lib/redd/client.rb:56:in `post'
/Users/dtomczyk/.rvm/gems/ruby-2.3.1/gems/redd-0.8.8/lib/redd/auth_strategies/auth_strategy.rb:56:in `request_access'
/Users/dtomczyk/.rvm/gems/ruby-2.3.1/gems/redd-0.8.8/lib/redd/auth_strategies/script.rb:18:in `authenticate'
/Users/dtomczyk/.rvm/gems/ruby-2.3.1/gems/redd-0.8.8/lib/redd/api_client.rb:41:in `authenticate'
/Users/dtomczyk/.rvm/gems/ruby-2.3.1/gems/redd-0.8.8/lib/redd.rb:102:in `tap'
/Users/dtomczyk/.rvm/gems/ruby-2.3.1/gems/redd-0.8.8/lib/redd.rb:102:in `script'
/Users/dtomczyk/.rvm/gems/ruby-2.3.1/gems/redd-0.8.8/lib/redd.rb:62:in `it'
/Users/dtomczyk/Documents/ProgrammingProjects/Goal_Highlights/app/controllers/reddit_api_controller.rb:4:in `session'
/Users/dtomczyk/Documents/ProgrammingProjects/Goal_Highlights/app/controllers/reddit_api_controller.rb:14:in `socket'
/Users/dtomczyk/Documents/ProgrammingProjects/Goal_Highlights/app/controllers/reddit_api_controller.rb:73:in `scan_new'
/Users/dtomczyk/Documents/ProgrammingProjects/Goal_Highlights/Rakefile:16:in `block in <top (required)>'
/Users/dtomczyk/.rvm/gems/ruby-2.3.1/gems/rake-12.0.0/exe/rake:27:in `<top (required)>'
/Users/dtomczyk/.rvm/gems/ruby-2.3.1/bin/ruby_executable_hooks:15:in `eval'
/Users/dtomczyk/.rvm/gems/ruby-2.3.1/bin/ruby_executable_hooks:15:in `<main>'
Tasks: TOP => scan_new
(See full trace by running task with --trace)
2017-07-10T08:00:04-04:00 | RedditAPIController.scan_new completed successfully
2017-07-10T10:00:03-04:00 | RedditAPIController.scan_new completed successfully
2017-07-10T11:00:05-04:00 | RedditAPIController.scan_new completed successfully
2017-07-10T12:00:04-04:00 | RedditAPIController.scan_new completed successfully
2017-07-10T14:00:05-04:00 | RedditAPIController.scan_new completed successfully
2017-07-10T15:00:05-04:00 | RedditAPIController.scan_new completed successfully
2017-07-10T16:00:04-04:00 | RedditAPIController.scan_new completed successfully
2017-07-10T18:00:05-04:00 | RedditAPIController.scan_new completed successfully
2017-07-10T19:00:04-04:00 | RedditAPIController.scan_new completed successfully
2017-07-10T20:00:04-04:00 | RedditAPIController.scan_new completed successfully
2017-07-11T08:00:04-04:00 | RedditAPIController.scan_new completed successfully
2017-07-11T10:00:04-04:00 | RedditAPIController.scan_new completed successfully
2017-07-11T11:00:03-04:00 | RedditAPIController.scan_new completed successfully
2017-07-11T12:00:04-04:00 | RedditAPIController.scan_new completed successfully
2017-07-11T14:00:05-04:00 | RedditAPIController.scan_new completed successfully
2017-07-11T15:00:06-04:00 | RedditAPIController.scan_new completed successfully
2017-07-11T16:00:04-04:00 | RedditAPIController.scan_new completed successfully
2017-07-11T17:00:04-04:00 | RedditAPIController.scan_new completed successfully
2017-07-11T18:00:05-04:00 | RedditAPIController.scan_new completed successfully
2017-07-11T19:00:06-04:00 | RedditAPIController.scan_new completed successfully
2017-07-12T08:00:08-04:00 | RedditAPIController.scan_new completed successfully
2017-07-12T10:00:05-04:00 | RedditAPIController.scan_new completed successfully
2017-07-12T11:00:06-04:00 | RedditAPIController.scan_new completed successfully
2017-07-12T12:00:04-04:00 | RedditAPIController.scan_new completed successfully
2017-07-12T15:00:06-04:00 | RedditAPIController.scan_new completed successfully
2017-07-12T16:00:04-04:00 | RedditAPIController.scan_new completed successfully
2017-07-12T17:00:05-04:00 | RedditAPIController.scan_new completed successfully
2017-07-12T18:00:05-04:00 | RedditAPIController.scan_new completed successfully
2017-07-12T19:00:05-04:00 | RedditAPIController.scan_new completed successfully
2017-07-12T20:00:05-04:00 | RedditAPIController.scan_new completed successfully
2017-07-13T08:00:05-04:00 | RedditAPIController.scan_new completed successfully
2017-07-13T10:00:05-04:00 | RedditAPIController.scan_new completed successfully
2017-07-13T11:00:05-04:00 | RedditAPIController.scan_new completed successfully
2017-07-13T12:00:05-04:00 | RedditAPIController.scan_new completed successfully
2017-07-13T14:00:05-04:00 | RedditAPIController.scan_new completed successfully
2017-07-13T15:00:06-04:00 | RedditAPIController.scan_new completed successfully
2017-07-13T16:04:13-04:00 | RedditAPIController.scan_new completed successfully
2017-07-13T18:00:04-04:00 | RedditAPIController.scan_new completed successfully
2017-07-13T19:00:05-04:00 | RedditAPIController.scan_new completed successfully
2017-07-13T20:00:05-04:00 | RedditAPIController.scan_new completed successfully
